{
  "Cucumber Features": {
    "coverage": {
      "/home/cosc480/ColgateCalendar/app/controllers/application_controller.rb": [
        1,
        1,
        null
      ],
      "/home/cosc480/ColgateCalendar/app/helpers/application_helper.rb": [
        1,
        null
      ],
      "/home/cosc480/ColgateCalendar/app/controllers/events_controller.rb": [
        1,
        1,
        1,
        null,
        null,
        1,
        1,
        1,
        1,
        null,
        null,
        null,
        null,
        1,
        0,
        0,
        null,
        null,
        null,
        null,
        null,
        null,
        null,
        null,
        null,
        null,
        null,
        null,
        null,
        null,
        null,
        null,
        null,
        null,
        null,
        null,
        null,
        null,
        null,
        null,
        null,
        null,
        null,
        null,
        null,
        null,
        null,
        null,
        null,
        null,
        null,
        null,
        null,
        null,
        null,
        null,
        null,
        null,
        null,
        null,
        null,
        null,
        null,
        null,
        null,
        null,
        null,
        null,
        null,
        null,
        null,
        null,
        null,
        null,
        null,
        1,
        1,
        1,
        null,
        null,
        1,
        16,
        8,
        null,
        8,
        8,
        8,
        null,
        null,
        1,
        2,
        1,
        null,
        1,
        1,
        1,
        null,
        null,
        1,
        6,
        2,
        null,
        4,
        4,
        4,
        null,
        null,
        1,
        2,
        1,
        null,
        1,
        1,
        1,
        null,
        null,
        null
      ],
      "/home/cosc480/ColgateCalendar/app/models/event.rb": [
        1,
        1,
        1,
        1,
        1,
        1,
        null,
        1,
        1,
        1,
        1,
        95,
        95,
        95,
        95,
        null,
        95,
        95,
        95,
        95,
        95,
        95,
        95,
        95,
        95,
        null,
        1,
        null,
        null,
        1,
        14,
        7,
        7,
        null,
        null,
        7,
        15,
        null,
        null,
        14,
        null,
        null,
        null,
        null,
        1,
        8,
        8,
        null,
        null,
        1,
        1,
        1,
        null,
        null,
        null,
        1,
        4,
        4,
        null,
        null,
        null,
        null,
        null,
        null,
        null,
        1,
        1,
        1,
        1,
        null,
        null,
        null
      ],
      "/home/cosc480/ColgateCalendar/app/controllers/home_controller.rb": [
        1,
        null,
        null
      ],
      "/home/cosc480/ColgateCalendar/app/controllers/users_controller.rb": [
        1,
        null,
        1,
        14,
        null,
        null,
        1,
        11,
        11,
        9,
        9,
        9,
        9,
        null,
        2,
        2,
        null,
        null,
        null,
        1,
        1,
        1,
        1,
        null,
        null
      ],
      "/home/cosc480/ColgateCalendar/app/models/user.rb": [
        1,
        1,
        1,
        null,
        null,
        null,
        null,
        1,
        10,
        null,
        null,
        1,
        11,
        11,
        null,
        1,
        0,
        0,
        null,
        1,
        0,
        0,
        null,
        null
      ],
      "/home/cosc480/ColgateCalendar/app/models/eventlist.rb": [
        1,
        null
      ]
    },
    "timestamp": 1366043211
  },
  "RSpec": {
    "coverage": {
      "/home/cosc480/ColgateCalendar/app/controllers/application_controller.rb": [
        1,
        1,
        null
      ],
      "/home/cosc480/ColgateCalendar/app/helpers/application_helper.rb": [
        1,
        null
      ],
      "/home/cosc480/ColgateCalendar/app/controllers/events_controller.rb": [
        1,
        1,
        1,
        null,
        null,
        1,
        1,
        1,
        1,
        null,
        null,
        null,
        null,
        1,
        2,
        1,
        null,
        null,
        null,
        null,
        null,
        null,
        null,
        null,
        null,
        null,
        null,
        null,
        null,
        null,
        null,
        null,
        null,
        null,
        null,
        null,
        null,
        null,
        null,
        null,
        null,
        null,
        null,
        null,
        null,
        null,
        null,
        null,
        null,
        null,
        null,
        null,
        null,
        null,
        null,
        null,
        null,
        null,
        null,
        null,
        null,
        null,
        null,
        null,
        null,
        null,
        null,
        null,
        null,
        null,
        null,
        null,
        null,
        null,
        null,
        1,
        1,
        1,
        null,
        null,
        1,
        1,
        1,
        null,
        0,
        0,
        0,
        null,
        null,
        1,
        1,
        1,
        null,
        0,
        0,
        0,
        null,
        null,
        1,
        1,
        1,
        null,
        0,
        0,
        0,
        null,
        null,
        1,
        1,
        1,
        null,
        0,
        0,
        0,
        null,
        null,
        null
      ],
      "/home/cosc480/ColgateCalendar/app/models/event.rb": [
        1,
        1,
        1,
        1,
        1,
        1,
        null,
        1,
        1,
        1,
        1,
        95,
        95,
        95,
        95,
        null,
        95,
        95,
        95,
        95,
        95,
        95,
        95,
        95,
        95,
        null,
        1,
        null,
        null,
        1,
        0,
        0,
        0,
        null,
        null,
        0,
        0,
        null,
        null,
        0,
        null,
        null,
        null,
        null,
        1,
        0,
        0,
        null,
        null,
        1,
        0,
        0,
        null,
        null,
        null,
        1,
        0,
        0,
        null,
        null,
        null,
        null,
        null,
        null,
        null,
        1,
        0,
        0,
        0,
        null,
        null,
        null
      ],
      "/home/cosc480/ColgateCalendar/app/controllers/home_controller.rb": [
        1,
        null,
        null
      ],
      "/home/cosc480/ColgateCalendar/app/controllers/users_controller.rb": [
        1,
        null,
        1,
        0,
        null,
        null,
        1,
        0,
        0,
        0,
        0,
        0,
        0,
        null,
        0,
        0,
        null,
        null,
        null,
        1,
        0,
        0,
        0,
        null,
        null
      ],
      "/home/cosc480/ColgateCalendar/app/models/user.rb": [
        1,
        1,
        1,
        null,
        null,
        null,
        null,
        1,
        0,
        null,
        null,
        1,
        0,
        0,
        null,
        1,
        0,
        0,
        null,
        1,
        0,
        0,
        null,
        null
      ],
      "/home/cosc480/ColgateCalendar/app/models/eventlist.rb": [
        1,
        null
      ]
    },
    "timestamp": 1366043834
  }
}
