{
  "Cucumber Features": {
    "coverage": {
      "/home/cosc480/ColgateCalendar/app/controllers/application_controller.rb": [
        1,
        1,
        null
      ],
      "/home/cosc480/ColgateCalendar/app/helpers/application_helper.rb": [
        1,
        null
      ],
      "/home/cosc480/ColgateCalendar/app/controllers/events_controller.rb": [
        1,
        1,
        1,
        null,
        null,
        1,
        1,
        1,
        0,
        null,
        null,
        null,
        null,
        1,
        0,
        0,
        null,
        null,
        null,
        null,
        null,
        null,
        null,
        null,
        null,
        null,
        null,
        null,
        null,
        null,
        null,
        null,
        null,
        null,
        null,
        null,
        null,
        null,
        null,
        null,
        null,
        null,
        null,
        null,
        null,
        null,
        null,
        null,
        null,
        null,
        null,
        null,
        null,
        null,
        null,
        null,
        null,
        null,
        null,
        null,
        null,
        null,
        null,
        null,
        null,
        null,
        null,
        null,
        null,
        null,
        null,
        null,
        null,
        null,
        null,
        1,
        0,
        0,
        null,
        null,
        1,
        12,
        6,
        null,
        6,
        6,
        6,
        null,
        null,
        1,
        0,
        0,
        null,
        0,
        0,
        0,
        null,
        null,
        1,
        0,
        0,
        null,
        0,
        0,
        0,
        null,
        null,
        1,
        0,
        0,
        null,
        0,
        0,
        0,
        null,
        null,
        null
      ],
      "/home/cosc480/ColgateCalendar/app/models/event.rb": [
        1,
        1,
        1,
        1,
        1,
        1,
        null,
        1,
        0,
        0,
        0,
        0,
        0,
        0,
        0,
        null,
        0,
        0,
        0,
        0,
        0,
        0,
        0,
        0,
        0,
        null,
        0,
        null,
        null,
        1,
        6,
        6,
        6,
        null,
        null,
        6,
        12,
        null,
        null,
        6,
        null,
        null,
        null,
        null,
        1,
        6,
        6,
        null,
        null,
        1,
        0,
        0,
        null,
        null,
        null,
        1,
        0,
        0,
        null,
        null,
        null,
        null,
        null,
        null,
        null,
        1,
        0,
        0,
        0,
        null,
        null,
        null
      ],
      "/home/cosc480/ColgateCalendar/app/controllers/home_controller.rb": [
        1,
        null,
        null
      ],
      "/home/cosc480/ColgateCalendar/app/controllers/users_controller.rb": [
        1,
        null,
        1,
        6,
        null,
        null,
        1,
        6,
        6,
        6,
        6,
        6,
        6,
        null,
        0,
        0,
        null,
        null,
        null,
        1,
        0,
        0,
        0,
        null,
        null
      ],
      "/home/cosc480/ColgateCalendar/app/models/user.rb": [
        1,
        1,
        1,
        null,
        null,
        null,
        null,
        1,
        6,
        null,
        null,
        1,
        6,
        6,
        null,
        1,
        0,
        0,
        null,
        1,
        0,
        0,
        null,
        null
      ],
      "/home/cosc480/ColgateCalendar/app/models/eventlist.rb": [
        1,
        null
      ]
    },
    "timestamp": 1366042867
  },
  "RSpec": {
    "coverage": {
      "/home/cosc480/ColgateCalendar/app/controllers/application_controller.rb": [
        1,
        1,
        null
      ],
      "/home/cosc480/ColgateCalendar/app/helpers/application_helper.rb": [
        1,
        null
      ],
      "/home/cosc480/ColgateCalendar/app/controllers/events_controller.rb": [
        1,
        1,
        1,
        null,
        null,
        1,
        1,
        null,
        null,
        null,
        null,
        null,
        null,
        null,
        null,
        null,
        null,
        null,
        null,
        null,
        null,
        null,
        null,
        null,
        null,
        null,
        null,
        null,
        null,
        null,
        null,
        null,
        null,
        null,
        null,
        null,
        null,
        null,
        null,
        null,
        null,
        null,
        null,
        null,
        null,
        null,
        null,
        null,
        null,
        null,
        null,
        null,
        null,
        null,
        null,
        null,
        null,
        null,
        null,
        null,
        null,
        null,
        null,
        null,
        null,
        null,
        null,
        null,
        null,
        null,
        null,
        null,
        1,
        1,
        1,
        null,
        null,
        1,
        1,
        1,
        1,
        null,
        null,
        1,
        1,
        1,
        1,
        null,
        null,
        1,
        1,
        1,
        1,
        null,
        null,
        null
      ],
      "/home/cosc480/ColgateCalendar/app/models/event.rb": [
        1,
        1,
        1,
        1,
        null,
        1,
        1,
        1,
        1,
        124,
        124,
        124,
        124,
        null,
        124,
        124,
        124,
        124,
        124,
        124,
        124,
        124,
        124,
        null,
        1,
        null,
        null,
        1,
        3,
        3,
        3,
        null,
        null,
        3,
        6,
        null,
        3,
        null,
        null,
        1,
        1,
        1,
        null,
        null,
        1,
        1,
        1,
        null,
        null,
        null,
        1,
        1,
        1,
        null,
        null,
        null
      ],
      "/home/cosc480/ColgateCalendar/app/controllers/home_controller.rb": [
        1,
        null,
        null
      ],
      "/home/cosc480/ColgateCalendar/app/controllers/users_controller.rb": [
        1,
        null,
        1,
        1,
        null,
        null,
        1,
        2,
        2,
        1,
        1,
        1,
        1,
        null,
        1,
        1,
        null,
        null,
        null,
        1,
        1,
        1,
        1,
        null,
        null
      ],
      "/home/cosc480/ColgateCalendar/app/models/user.rb": [
        1,
        1,
        null,
        null,
        null,
        null,
        1,
        1,
        null,
        null,
        1,
        5,
        5,
        null,
        null
      ],
      "/home/cosc480/ColgateCalendar/app/models/eventlist.rb": [
        1,
        null
      ]
    },
    "timestamp": 1365209553
  }
}
